
>> [define, house, house1, address, “1_story_street,_cambridge,_ma”_]

>> [define, house, house2, address, “33_church_steet,_cambridge,_ma”_]

>> [define, room, kitchen, floor, 1, type, kitchen, house, house1, windows, 2]

>> [define, room, livingroom, floor, 1, type, livingroom, house, house1, windows, 4]

>> [define, room, bedroom1, floor, 2, type, bedroom, house, house1, windows, 3]

>> [define, room, bedroom2, floor, 2, type, bedroom, house, house1, windows, 2]

>> [define, room, bathroom1, floor, 1, type, bathroom, house, house1, windows, 0]

>> [define, room, bathroom2, floor, 2, type, bathroom, house, house1, windows, 1]

>> [define, room, kitchen, floor, 1, type, kitchen, house, house2, windows, 1]

>> [define, room, livingroom, floor, 1, type, livingroom, house, house2, windows, 2]

>> [define, room, diningroom, floor, 1, type, diningroom, house, house2, windows, 2]

>> [define, room, bedroom1, floor, 2, type, bedroom, house, house2, windows, 4]

>> [define, room, bedroom2, floor, 2, type, bedroom, house, house2, windows, 2]

>> [define, room, bedroom3, floor, 2, type, bedroom, house, house2, windows, 2]

>> [define, room, bathroom1, floor, 1, type, bathroom, house, house2, windows, 1]

>> [define, room, bathroom2, floor, 2, type, bathroom, house, house2, windows, 1]

>> [define, occupant, martin_fowler, type, adult]

>> [define, occupant, martha, type, pet]

>> [define, occupant, judy, type, child]

>> [define, occupant, jane, type, adult]

>> [define, occupant, george, type, adult]

>> [define, occupant, elroy, type, child]

>> [define, occupant, astro, type, pet]

>> [define, occupant, grandmother, type, adult]

>> [add, occupant, martin_fowler, to_house, house1]

>> [add, occupant, martha, to_house, house1]

>> [add, occupant, grandmother, to_house, house1]

>> [add, occupant, judy, to_house, house2]

>> [add, occupant, jane, to_house, house2]

>> [add, occupant, george, to_house, house2]

>> [add, occupant, elroy, to_house, house2]

>> [add, occupant, astro, to_house, house2]

>> [add, occupant, grandmother, to_house, house2]

>> [define, sensor, smoke_detector1_1, type, smoke_detector, room, house1:kitchen]

>> [define, sensor, smoke_detector1_2, type, smoke_detector, room, house1:livingroom]

>> [define, sensor, smoke_detector1_3, type, smoke_detector, room, house1:bedroom1]

>> [define, sensor, smoke_detector1_4, type, smoke_detector, room, house1:bedroom2]

>> [define, sensor, smoke_detector1_5, type, smoke_detector, room, house1:bathroom1]

>> [define, sensor, smoke_detector1_6, type, smoke_detector, room, house1:bathroom2]

>> [define, sensor, smoke_detector2_1, type, smoke_detector, room, house2:kitchen]

>> [define, sensor, smoke_detector2_2, type, smoke_detector, room, house2:livingroom]

>> [define, sensor, smoke_detector2_3, type, smoke_detector, room, house2:diningroom]

>> [define, sensor, smoke_detector2_4, type, smoke_detector, room, house2:bedroom1]

>> [define, sensor, smoke_detector2_5, type, smoke_detector, room, house2:bedroom2]

>> [define, sensor, smoke_detector2_6, type, smoke_detector, room, house2:bedroom3]

>> [define, sensor, smoke_detector2_7, type, smoke_detector, room, house2:bathroom1]

>> [define, sensor, smoke_detector2_8, type, smoke_detector, room, house2:bathroom2]

>> [define, sensor, camera1_1, type, camera, room, house1:kitchen]

>> [define, sensor, camera1_2, type, camera, room, house1:livingroom]

>> [define, sensor, camera1_3, type, camera, room, house1:bedroom1]

>> [define, sensor, camera1_4, type, camera, room, house1:bedroom2]

>> [define, sensor, camera1_5, type, camera, room, house1:bathroom1]

>> [define, sensor, camera1_6, type, camera, room, house1:bathroom2]

>> [define, sensor, camera2_1, type, camera, room, house2:kitchen]

>> [define, sensor, camera2_2, type, camera, room, house2:livingroom]

>> [define, sensor, camera2_3, type, camera, room, house2:diningroom]

>> [define, sensor, camera2_4, type, camera, room, house2:bedroom1]

>> [define, sensor, camera2_5, type, camera, room, house2:bedroom2]

>> [define, sensor, camera2_6, type, camera, room, house2:bedroom3]

>> [define, sensor, camera2_7, type, camera, room, house2:bathroom1]

>> [define, sensor, camera2_8, type, camera, room, house2:bathroom2]

>> [define, sensor, ava1_1, type, ava, room, house1:kitchen]

>> [define, sensor, ava1_2, type, ava, room, house1:livingroom]

>> [define, sensor, ava1_3, type, ava, room, house1:bedroom1]

>> [define, sensor, ava1_4, type, ava, room, house1:bedroom2]

>> [define, sensor, ava1_5, type, ava, room, house1:bathroom1]

>> [define, sensor, ava1_6, type, ava, room, house1:bathroom2]

>> [define, sensor, ava2_1, type, ava, room, house2:kitchen]

>> [define, sensor, ava2_2, type, ava, room, house2:livingroom]

>> [define, sensor, ava2_3, type, ava, room, house2:diningroom]

>> [define, sensor, ava2_4, type, ava, room, house2:bedroom1]

>> [define, sensor, ava2_5, type, ava, room, house2:bedroom2]

>> [define, sensor, ava2_6, type, ava, room, house2:bedroom3]

>> [define, sensor, ava2_7, type, ava, room, house2:bathroom1]

>> [define, sensor, ava2_8, type, ava, room, house2:bathroom2]

>> [define, appliance, thermostat1_1, type, thermostat, room, house1:kitchen]

>> [define, appliance, thermostat1_2, type, thermostat, room, house1:livingroom]

>> [define, appliance, thermostat1_3, type, thermostat, room, house1:bedroom1]

>> [define, appliance, thermostat1_4, type, thermostat, room, house1:bedroom2]

>> [define, appliance, thermostat1_5, type, thermostat, room, house1:bathroom1]

>> [define, appliance, thermostat1_6, type, thermostat, room, house1:bathroom2]

>> [define, appliance, thermostat2_1, type, thermostat, room, house2:kitchen]

>> [define, appliance, thermostat2_2, type, thermostat, room, house2:livingroom]

>> [define, appliance, thermostat2_3, type, thermostat, room, house2:diningroom]

>> [define, appliance, thermostat2_4, type, thermostat, room, house2:bedroom1]

>> [define, appliance, thermostat2_5, type, thermostat, room, house2:bedroom2]

>> [define, appliance, thermostat2_6, type, thermostat, room, house2:bedroom3]

>> [define, appliance, thermostat2_7, type, thermostat, room, house2:bathroom1]

>> [define, appliance, thermostat2_8, type, thermostat, room, house2:bathroom2]

>> [define, appliance, window1_1_1, type, window, room, house1:kitchen]

>> [define, appliance, window1_1_2, type, window, room, house1:kitchen]

>> [define, appliance, window1_2_1, type, window, room, house1:livingroom]

>> [define, appliance, window1_2_2, type, window, room, house1:livingroom]

>> [define, appliance, window1_2_3, type, window, room, house1:livingroom]

>> [define, appliance, window1_2_4, type, window, room, house1:livingroom]

>> [define, appliance, window1_3_1, type, window, room, house1:bedroom1]

>> [define, appliance, window1_3_2, type, window, room, house1:bedroom1]

>> [define, appliance, window1_3_3, type, window, room, house1:bedroom1]

>> [define, appliance, window1_4_1, type, window, room, house1:bedroom2]

>> [define, appliance, window1_4_2, type, window, room, house1:bedroom2]

>> [define, appliance, window1_6_1, type, window, room, house1:bathroom2]

>> [define, appliance, window2_1_1, type, window, room, house2:kitchen]

>> [define, appliance, window2_2_1, type, window, room, house2:livingroom]

>> [define, appliance, window2_2_2, type, window, room, house2:livingroom]

>> [define, appliance, window2_3_1, type, window, room, house2:diningroom]

>> [define, appliance, window2_3_2, type, window, room, house2:diningroom]

>> [define, appliance, window2_4_1, type, window, room, house2:bedroom1]

>> [define, appliance, window2_4_2, type, window, room, house2:bedroom1]

>> [define, appliance, window2_4_3, type, window, room, house2:bedroom1]

>> [define, appliance, window2_4_4, type, window, room, house2:bedroom1]

>> [define, appliance, window2_5_1, type, window, room, house2:bedroom2]

>> [define, appliance, window2_5_2, type, window, room, house2:bedroom2]

>> [define, appliance, window2_6_1, type, window, room, house2:bedroom3]

>> [define, appliance, window2_6_2, type, window, room, house2:bedroom3]

>> [define, appliance, window2_7_1, type, window, room, house2:bathroom1]

>> [define, appliance, window2_8_1, type, window, room, house2:bathroom2]

>> [define, appliance, door1_1, type, door, room, house1:kitchen]

>> [define, appliance, door1_2, type, door, room, house1:livingroom]

>> [define, appliance, door1_3, type, door, room, house1:bedroom1]

>> [define, appliance, door1_4, type, door, room, house1:bedroom2]

>> [define, appliance, door1_5, type, door, room, house1:bathroom1]

>> [define, appliance, door1_6, type, door, room, house1:bathroom2]

>> [define, appliance, door2_1, type, door, room, house2:kitchen]

>> [define, appliance, door2_2, type, door, room, house2:livingroom]

>> [define, appliance, door2_3, type, door, room, house2:diningroom]

>> [define, appliance, door2_4, type, door, room, house2:bedroom1]

>> [define, appliance, door2_5, type, door, room, house2:bedroom2]

>> [define, appliance, door2_6, type, door, room, house2:bedroom3]

>> [define, appliance, door2_7, type, door, room, house2:bathroom1]

>> [define, appliance, door2_8, type, door, room, house2:bathroom2]

>> [define, appliance, light1_1, type, light, room, house1:kitchen]

>> [define, appliance, light1_2, type, light, room, house1:livingroom]

>> [define, appliance, light1_3, type, light, room, house1:bedroom1]

>> [define, appliance, light1_4, type, light, room, house1:bedroom2]

>> [define, appliance, light1_5, type, light, room, house1:bathroom1]

>> [define, appliance, light1_6, type, light, room, house1:bathroom2]

>> [define, appliance, light2_1, type, light, room, house2:kitchen]

>> [define, appliance, light2_2, type, light, room, house2:livingroom]

>> [define, appliance, light2_3, type, light, room, house2:diningroom]

>> [define, appliance, light2_4, type, light, room, house2:bedroom1]

>> [define, appliance, light2_5, type, light, room, house2:bedroom2]

>> [define, appliance, light2_6, type, light, room, house2:bedroom3]

>> [define, appliance, light2_7, type, light, room, house2:bathroom1]

>> [define, appliance, light2_8, type, light, room, house2:bathroom2]

>> [define, appliance, tv1_2, type, tv, room, house1:livingroom]

>> [define, appliance, tv1_3, type, tv, room, house1:bedroom1]

>> [define, appliance, tv1_4, type, tv, room, house1:bedroom2]

>> [define, appliance, light2_1, type, light, room, house2:kitchen]

>> [define, appliance, light2_2, type, light, room, house2:livingroom]

>> [define, appliance, light2_4, type, light, room, house2:bedroom1]

>> [define, appliance, light2_5, type, light, room, house2:bedroom2]

>> [define, appliance, light2_6, type, light, room, house2:bedroom3]

>> [define, appliance, pandora1_1, type, pandora, room, house1:kitchen]

>> [define, appliance, pandora1_2, type, pandora, room, house1:livingroom]

>> [define, appliance, pandora1_3, type, pandora, room, house1:bedroom1]

>> [define, appliance, pandora1_4, type, pandora, room, house1:bedroom2]

>> [define, appliance, pandora1_5, type, pandora, room, house1:bathroom1]

>> [define, appliance, pandora1_6, type, pandora, room, house1:bathroom2]

>> [define, appliance, pandora2_1, type, pandora, room, house2:kitchen]

>> [define, appliance, pandora2_2, type, pandora, room, house2:livingroom]

>> [define, appliance, pandora2_3, type, pandora, room, house2:diningroom]

>> [define, appliance, pandora2_4, type, pandora, room, house2:bedroom1]

>> [define, appliance, pandora2_5, type, pandora, room, house2:bedroom2]

>> [define, appliance, pandora2_6, type, pandora, room, house2:bedroom3]

>> [define, appliance, pandora2_7, type, pandora, room, house2:bathroom1]

>> [define, appliance, pandora2_8, type, pandora, room, house2:bathroom2]

>> [define, appliance, oven1_1, type, oven, room, house1:kitchen, energy-use, 500]

>> [define, appliance, oven2_1, type, oven, room, house2:kitchen, energy-use, 700]

>> [define, appliance, refrigerator1_1, type, refrigerator, room, house1:kitchen, energy-use, 100]

>> [define, appliance, refrigerator2_1, type, refrigerator, room, house2:kitchen, energy-use, 100]

>> [set, appliance, house1:kitchen:oven1_1, status, power, value, on]
debug:::: oven1_1:appliance:158:power:on

>> [set, appliance, house1:kitchen:oven1_1, status, temperature, value, 350]
debug:::: oven1_1:appliance:158:temperature:350

>> [set, appliance, house2:kitchen:oven2_1, status, power, value, on]
debug:::: oven2_1:appliance:159:power:on

>> [set, appliance, house2:kitchen:oven2_1, status, temperature, value, 400]
debug:::: oven2_1:appliance:159:temperature:400

>> [show, appliance, house1:kitchen:oven1_1, status, temperature]
[158, temperature, 350]
350

>> [show, appliance, house1:kitchen:oven1_1]

 > 158 power on
 > 158 type oven
 > 158 energyuse 500
 > 158 temperature 350

>> [set, sensor, house1:kitchen:smoke_detector1_1, status, fire]
debug:::: smoke_detector1_1:appliance:25:status:fire

>> [show, sensor, house1:kitchen:smoke_detector1_1]

 > 25 type smoke_detector
 > 25 status fire
 > 25 energyuse 0

>> [set, sensor, house2:kitchen:smoke_detector2_1, status, fire]
debug:::: smoke_detector2_1:appliance:31:status:fire

>> [show, sensor, house2:kitchen:smoke_detector2_1]

 > 31 status fire
 > 31 energyuse 0
 > 31 type smoke_detector

>> [set, sensor, house2:livingroom:camera2_2, status, occupant_entered, jane]
debug:::: camera2_2:appliance:46:occupant_entered:jane
